<?xml version="1.0" encoding="UTF-8"?>
<testsuite name="com.gridu.app.AppTest" tests="1" skipped="0" failures="0" errors="0" timestamp="2018-10-09T12:24:11" hostname="GDSpb1324.lupus.griddynamics.net" time="0.001">
  <properties/>
  <testcase name="testApp" classname="com.gridu.app.AppTest" time="0.001"/>
  <system-out><![CDATA[]]></system-out>
  <system-err><![CDATA[]]></system-err>
</testsuite>
